<?xml version="1.0" encoding="UTF-8"?>
<testng-results skipped="0" failed="0" total="1" passed="1">
  <reporter-output>
  </reporter-output>
  <suite name="Default suite" duration-ms="4589" started-at="2013-12-01T05:05:33Z" finished-at="2013-12-01T05:05:38Z">
    <groups>
    </groups>
    <test name="Default test" duration-ms="4589" started-at="2013-12-01T05:05:33Z" finished-at="2013-12-01T05:05:38Z">
      <class name="com.cs.ui.test.ShahidulTest">
        <test-method status="PASS" signature="start()[pri:0, instance:com.cs.ui.test.ShahidulTest@1261d4d0]" name="start" is-config="true" duration-ms="592" started-at="2013-12-01T00:05:33Z" finished-at="2013-12-01T00:05:34Z">
          <reporter-output>
          </reporter-output>
        </test-method> <!-- start -->
        <test-method status="PASS" signature="demo1()[pri:0, instance:com.cs.ui.test.ShahidulTest@1261d4d0]" name="demo1" duration-ms="972" started-at="2013-12-01T00:05:34Z" finished-at="2013-12-01T00:05:35Z">
          <reporter-output>
          </reporter-output>
        </test-method> <!-- demo1 -->
        <test-method status="PASS" signature="end()[pri:0, instance:com.cs.ui.test.ShahidulTest@1261d4d0]" name="end" is-config="true" duration-ms="3012" started-at="2013-12-01T00:05:35Z" finished-at="2013-12-01T00:05:38Z">
          <reporter-output>
          </reporter-output>
        </test-method> <!-- end -->
      </class> <!-- com.cs.ui.test.ShahidulTest -->
    </test> <!-- Default test -->
  </suite> <!-- Default suite -->
</testng-results>
